<?xml version="1.0" encoding="UTF-8"?>
<testsuite xmlns:xsi="http://www.w3.org/2001/XMLSchema-instance" xsi:noNamespaceSchemaLocation="https://maven.apache.org/surefire/maven-surefire-plugin/xsd/surefire-test-report.xsd" name="runners.RegressionRunnerTest" time="73.842" tests="22" errors="0" skipped="0" failures="0">
  <properties>
    <property name="gopherProxySet" value="false"/>
    <property name="awt.toolkit" value="sun.lwawt.macosx.LWCToolkit"/>
    <property name="java.specification.version" value="11"/>
    <property name="sun.cpu.isalist" value=""/>
    <property name="sun.jnu.encoding" value="UTF-8"/>
    <property name="java.class.path" value="/Users/vikacherepiuk/Desktop/Fetch_Rewards_Interview_Task/target/test-classes:/Users/vikacherepiuk/Desktop/Fetch_Rewards_Interview_Task/target/classes:/Users/vikacherepiuk/.m2/repository/io/github/bonigarcia/webdrivermanager/4.2.2/webdrivermanager-4.2.2.jar:/Users/vikacherepiuk/.m2/repository/org/slf4j/slf4j-api/1.7.30/slf4j-api-1.7.30.jar:/Users/vikacherepiuk/.m2/repository/commons-io/commons-io/2.8.0/commons-io-2.8.0.jar:/Users/vikacherepiuk/.m2/repository/com/google/code/gson/gson/2.8.6/gson-2.8.6.jar:/Users/vikacherepiuk/.m2/repository/org/apache/commons/commons-lang3/3.11/commons-lang3-3.11.jar:/Users/vikacherepiuk/.m2/repository/org/apache/httpcomponents/client5/httpclient5/5.0.1/httpclient5-5.0.1.jar:/Users/vikacherepiuk/.m2/repository/org/apache/httpcomponents/core5/httpcore5/5.0.1/httpcore5-5.0.1.jar:/Users/vikacherepiuk/.m2/repository/org/apache/httpcomponents/core5/httpcore5-h2/5.0.1/httpcore5-h2-5.0.1.jar:/Users/vikacherepiuk/.m2/repository/commons-codec/commons-codec/1.13/commons-codec-1.13.jar:/Users/vikacherepiuk/.m2/repository/org/rauschig/jarchivelib/1.1.0/jarchivelib-1.1.0.jar:/Users/vikacherepiuk/.m2/repository/org/apache/commons/commons-compress/1.20/commons-compress-1.20.jar:/Users/vikacherepiuk/.m2/repository/org/jsoup/jsoup/1.13.1/jsoup-1.13.1.jar:/Users/vikacherepiuk/.m2/repository/junit/junit/4.12/junit-4.12.jar:/Users/vikacherepiuk/.m2/repository/org/hamcrest/hamcrest-core/1.3/hamcrest-core-1.3.jar:/Users/vikacherepiuk/.m2/repository/info/cukes/cucumber-java/1.2.5/cucumber-java-1.2.5.jar:/Users/vikacherepiuk/.m2/repository/info/cukes/cucumber-junit/1.2.5/cucumber-junit-1.2.5.jar:/Users/vikacherepiuk/.m2/repository/info/cukes/cucumber-core/1.2.5/cucumber-core-1.2.5.jar:/Users/vikacherepiuk/.m2/repository/info/cukes/cucumber-html/0.2.3/cucumber-html-0.2.3.jar:/Users/vikacherepiuk/.m2/repository/info/cukes/cucumber-jvm-deps/1.0.5/cucumber-jvm-deps-1.0.5.jar:/Users/vikacherepiuk/.m2/repository/info/cukes/gherkin/2.12.2/gherkin-2.12.2.jar:/Users/vikacherepiuk/.m2/repository/io/cucumber/cucumber-jvm-deps/1.0.6/cucumber-jvm-deps-1.0.6.jar:/Users/vikacherepiuk/.m2/repository/org/seleniumhq/selenium/selenium-server/3.141.59/selenium-server-3.141.59.jar:/Users/vikacherepiuk/.m2/repository/org/seleniumhq/selenium/selenium-java/3.141.59/selenium-java-3.141.59.jar:/Users/vikacherepiuk/.m2/repository/org/seleniumhq/selenium/selenium-api/3.141.59/selenium-api-3.141.59.jar:/Users/vikacherepiuk/.m2/repository/org/seleniumhq/selenium/selenium-chrome-driver/3.141.59/selenium-chrome-driver-3.141.59.jar:/Users/vikacherepiuk/.m2/repository/org/seleniumhq/selenium/selenium-edge-driver/3.141.59/selenium-edge-driver-3.141.59.jar:/Users/vikacherepiuk/.m2/repository/org/seleniumhq/selenium/selenium-firefox-driver/3.141.59/selenium-firefox-driver-3.141.59.jar:/Users/vikacherepiuk/.m2/repository/org/seleniumhq/selenium/selenium-ie-driver/3.141.59/selenium-ie-driver-3.141.59.jar:/Users/vikacherepiuk/.m2/repository/org/seleniumhq/selenium/selenium-opera-driver/3.141.59/selenium-opera-driver-3.141.59.jar:/Users/vikacherepiuk/.m2/repository/org/seleniumhq/selenium/selenium-remote-driver/3.141.59/selenium-remote-driver-3.141.59.jar:/Users/vikacherepiuk/.m2/repository/org/seleniumhq/selenium/selenium-safari-driver/3.141.59/selenium-safari-driver-3.141.59.jar:/Users/vikacherepiuk/.m2/repository/org/seleniumhq/selenium/selenium-support/3.141.59/selenium-support-3.141.59.jar:/Users/vikacherepiuk/.m2/repository/com/beust/jcommander/1.72/jcommander-1.72.jar:/Users/vikacherepiuk/.m2/repository/net/bytebuddy/byte-buddy/1.8.15/byte-buddy-1.8.15.jar:/Users/vikacherepiuk/.m2/repository/org/apache/commons/commons-exec/1.3/commons-exec-1.3.jar:/Users/vikacherepiuk/.m2/repository/com/google/guava/guava/25.0-jre/guava-25.0-jre.jar:/Users/vikacherepiuk/.m2/repository/com/google/code/findbugs/jsr305/1.3.9/jsr305-1.3.9.jar:/Users/vikacherepiuk/.m2/repository/org/checkerframework/checker-compat-qual/2.0.0/checker-compat-qual-2.0.0.jar:/Users/vikacherepiuk/.m2/repository/com/google/errorprone/error_prone_annotations/2.1.3/error_prone_annotations-2.1.3.jar:/Users/vikacherepiuk/.m2/repository/com/google/j2objc/j2objc-annotations/1.1/j2objc-annotations-1.1.jar:/Users/vikacherepiuk/.m2/repository/org/codehaus/mojo/animal-sniffer-annotations/1.14/animal-sniffer-annotations-1.14.jar:/Users/vikacherepiuk/.m2/repository/net/jcip/jcip-annotations/1.0/jcip-annotations-1.0.jar:/Users/vikacherepiuk/.m2/repository/org/seleniumhq/selenium/jetty-repacked/9.4.12.v20180830/jetty-repacked-9.4.12.v20180830.jar:/Users/vikacherepiuk/.m2/repository/com/squareup/okhttp3/okhttp/3.11.0/okhttp-3.11.0.jar:/Users/vikacherepiuk/.m2/repository/com/squareup/okio/okio/1.14.0/okio-1.14.0.jar:/Users/vikacherepiuk/.m2/repository/javax/servlet/javax.servlet-api/3.1.0/javax.servlet-api-3.1.0.jar:/Users/vikacherepiuk/.m2/repository/org/yaml/snakeyaml/1.19/snakeyaml-1.19.jar:"/>
    <property name="java.vm.vendor" value="Amazon.com Inc."/>
    <property name="sun.arch.data.model" value="64"/>
    <property name="java.vendor.url" value="https://aws.amazon.com/corretto/"/>
    <property name="user.timezone" value=""/>
    <property name="java.vm.specification.version" value="11"/>
    <property name="os.name" value="Mac OS X"/>
    <property name="sun.java.launcher" value="SUN_STANDARD"/>
    <property name="user.country" value="US"/>
    <property name="sun.boot.library.path" value="/Users/vikacherepiuk/Library/Java/JavaVirtualMachines/corretto-11.0.12/Contents/Home/lib"/>
    <property name="sun.java.command" value="/Users/vikacherepiuk/Desktop/Fetch_Rewards_Interview_Task/target/surefire/surefirebooter1525580825877978802.jar /Users/vikacherepiuk/Desktop/Fetch_Rewards_Interview_Task/target/surefire 2021-10-15T21-26-04_473-jvmRun1 surefire13342939551239202855tmp surefire_018307618499068348820tmp"/>
    <property name="jdk.debug" value="release"/>
    <property name="surefire.test.class.path" value="/Users/vikacherepiuk/Desktop/Fetch_Rewards_Interview_Task/target/test-classes:/Users/vikacherepiuk/Desktop/Fetch_Rewards_Interview_Task/target/classes:/Users/vikacherepiuk/.m2/repository/io/github/bonigarcia/webdrivermanager/4.2.2/webdrivermanager-4.2.2.jar:/Users/vikacherepiuk/.m2/repository/org/slf4j/slf4j-api/1.7.30/slf4j-api-1.7.30.jar:/Users/vikacherepiuk/.m2/repository/commons-io/commons-io/2.8.0/commons-io-2.8.0.jar:/Users/vikacherepiuk/.m2/repository/com/google/code/gson/gson/2.8.6/gson-2.8.6.jar:/Users/vikacherepiuk/.m2/repository/org/apache/commons/commons-lang3/3.11/commons-lang3-3.11.jar:/Users/vikacherepiuk/.m2/repository/org/apache/httpcomponents/client5/httpclient5/5.0.1/httpclient5-5.0.1.jar:/Users/vikacherepiuk/.m2/repository/org/apache/httpcomponents/core5/httpcore5/5.0.1/httpcore5-5.0.1.jar:/Users/vikacherepiuk/.m2/repository/org/apache/httpcomponents/core5/httpcore5-h2/5.0.1/httpcore5-h2-5.0.1.jar:/Users/vikacherepiuk/.m2/repository/commons-codec/commons-codec/1.13/commons-codec-1.13.jar:/Users/vikacherepiuk/.m2/repository/org/rauschig/jarchivelib/1.1.0/jarchivelib-1.1.0.jar:/Users/vikacherepiuk/.m2/repository/org/apache/commons/commons-compress/1.20/commons-compress-1.20.jar:/Users/vikacherepiuk/.m2/repository/org/jsoup/jsoup/1.13.1/jsoup-1.13.1.jar:/Users/vikacherepiuk/.m2/repository/junit/junit/4.12/junit-4.12.jar:/Users/vikacherepiuk/.m2/repository/org/hamcrest/hamcrest-core/1.3/hamcrest-core-1.3.jar:/Users/vikacherepiuk/.m2/repository/info/cukes/cucumber-java/1.2.5/cucumber-java-1.2.5.jar:/Users/vikacherepiuk/.m2/repository/info/cukes/cucumber-junit/1.2.5/cucumber-junit-1.2.5.jar:/Users/vikacherepiuk/.m2/repository/info/cukes/cucumber-core/1.2.5/cucumber-core-1.2.5.jar:/Users/vikacherepiuk/.m2/repository/info/cukes/cucumber-html/0.2.3/cucumber-html-0.2.3.jar:/Users/vikacherepiuk/.m2/repository/info/cukes/cucumber-jvm-deps/1.0.5/cucumber-jvm-deps-1.0.5.jar:/Users/vikacherepiuk/.m2/repository/info/cukes/gherkin/2.12.2/gherkin-2.12.2.jar:/Users/vikacherepiuk/.m2/repository/io/cucumber/cucumber-jvm-deps/1.0.6/cucumber-jvm-deps-1.0.6.jar:/Users/vikacherepiuk/.m2/repository/org/seleniumhq/selenium/selenium-server/3.141.59/selenium-server-3.141.59.jar:/Users/vikacherepiuk/.m2/repository/org/seleniumhq/selenium/selenium-java/3.141.59/selenium-java-3.141.59.jar:/Users/vikacherepiuk/.m2/repository/org/seleniumhq/selenium/selenium-api/3.141.59/selenium-api-3.141.59.jar:/Users/vikacherepiuk/.m2/repository/org/seleniumhq/selenium/selenium-chrome-driver/3.141.59/selenium-chrome-driver-3.141.59.jar:/Users/vikacherepiuk/.m2/repository/org/seleniumhq/selenium/selenium-edge-driver/3.141.59/selenium-edge-driver-3.141.59.jar:/Users/vikacherepiuk/.m2/repository/org/seleniumhq/selenium/selenium-firefox-driver/3.141.59/selenium-firefox-driver-3.141.59.jar:/Users/vikacherepiuk/.m2/repository/org/seleniumhq/selenium/selenium-ie-driver/3.141.59/selenium-ie-driver-3.141.59.jar:/Users/vikacherepiuk/.m2/repository/org/seleniumhq/selenium/selenium-opera-driver/3.141.59/selenium-opera-driver-3.141.59.jar:/Users/vikacherepiuk/.m2/repository/org/seleniumhq/selenium/selenium-remote-driver/3.141.59/selenium-remote-driver-3.141.59.jar:/Users/vikacherepiuk/.m2/repository/org/seleniumhq/selenium/selenium-safari-driver/3.141.59/selenium-safari-driver-3.141.59.jar:/Users/vikacherepiuk/.m2/repository/org/seleniumhq/selenium/selenium-support/3.141.59/selenium-support-3.141.59.jar:/Users/vikacherepiuk/.m2/repository/com/beust/jcommander/1.72/jcommander-1.72.jar:/Users/vikacherepiuk/.m2/repository/net/bytebuddy/byte-buddy/1.8.15/byte-buddy-1.8.15.jar:/Users/vikacherepiuk/.m2/repository/org/apache/commons/commons-exec/1.3/commons-exec-1.3.jar:/Users/vikacherepiuk/.m2/repository/com/google/guava/guava/25.0-jre/guava-25.0-jre.jar:/Users/vikacherepiuk/.m2/repository/com/google/code/findbugs/jsr305/1.3.9/jsr305-1.3.9.jar:/Users/vikacherepiuk/.m2/repository/org/checkerframework/checker-compat-qual/2.0.0/checker-compat-qual-2.0.0.jar:/Users/vikacherepiuk/.m2/repository/com/google/errorprone/error_prone_annotations/2.1.3/error_prone_annotations-2.1.3.jar:/Users/vikacherepiuk/.m2/repository/com/google/j2objc/j2objc-annotations/1.1/j2objc-annotations-1.1.jar:/Users/vikacherepiuk/.m2/repository/org/codehaus/mojo/animal-sniffer-annotations/1.14/animal-sniffer-annotations-1.14.jar:/Users/vikacherepiuk/.m2/repository/net/jcip/jcip-annotations/1.0/jcip-annotations-1.0.jar:/Users/vikacherepiuk/.m2/repository/org/seleniumhq/selenium/jetty-repacked/9.4.12.v20180830/jetty-repacked-9.4.12.v20180830.jar:/Users/vikacherepiuk/.m2/repository/com/squareup/okhttp3/okhttp/3.11.0/okhttp-3.11.0.jar:/Users/vikacherepiuk/.m2/repository/com/squareup/okio/okio/1.14.0/okio-1.14.0.jar:/Users/vikacherepiuk/.m2/repository/javax/servlet/javax.servlet-api/3.1.0/javax.servlet-api-3.1.0.jar:/Users/vikacherepiuk/.m2/repository/org/yaml/snakeyaml/1.19/snakeyaml-1.19.jar:"/>
    <property name="sun.cpu.endian" value="little"/>
    <property name="user.home" value="/Users/vikacherepiuk"/>
    <property name="user.language" value="en"/>
    <property name="java.specification.vendor" value="Oracle Corporation"/>
    <property name="java.version.date" value="2021-07-20"/>
    <property name="java.home" value="/Users/vikacherepiuk/Library/Java/JavaVirtualMachines/corretto-11.0.12/Contents/Home"/>
    <property name="file.separator" value="/"/>
    <property name="basedir" value="/Users/vikacherepiuk/Desktop/Fetch_Rewards_Interview_Task"/>
    <property name="java.vm.compressedOopsMode" value="Zero based"/>
    <property name="line.separator" value="&#10;"/>
    <property name="java.specification.name" value="Java Platform API Specification"/>
    <property name="java.vm.specification.vendor" value="Oracle Corporation"/>
    <property name="java.awt.graphicsenv" value="sun.awt.CGraphicsEnvironment"/>
    <property name="surefire.real.class.path" value="/Users/vikacherepiuk/Desktop/Fetch_Rewards_Interview_Task/target/surefire/surefirebooter1525580825877978802.jar"/>
    <property name="sun.management.compiler" value="HotSpot 64-Bit Tiered Compilers"/>
    <property name="java.runtime.version" value="11.0.12+7-LTS"/>
    <property name="user.name" value="vikacherepiuk"/>
    <property name="path.separator" value=":"/>
    <property name="os.version" value="11.2.3"/>
    <property name="java.runtime.name" value="OpenJDK Runtime Environment"/>
    <property name="file.encoding" value="UTF-8"/>
    <property name="java.vm.name" value="OpenJDK 64-Bit Server VM"/>
    <property name="java.vendor.version" value="Corretto-11.0.12.7.2"/>
    <property name="localRepository" value="/Users/vikacherepiuk/.m2/repository"/>
    <property name="java.vendor.url.bug" value="https://github.com/corretto/corretto-11/issues/"/>
    <property name="java.io.tmpdir" value="/var/folders/c1/z_w4bh1d41v6wwq407v7vbsc0000gn/T/"/>
    <property name="idea.version" value="2021.1"/>
    <property name="java.version" value="11.0.12"/>
    <property name="user.dir" value="/Users/vikacherepiuk/Desktop/Fetch_Rewards_Interview_Task"/>
    <property name="os.arch" value="x86_64"/>
    <property name="java.vm.specification.name" value="Java Virtual Machine Specification"/>
    <property name="java.awt.printerjob" value="sun.lwawt.macosx.CPrinterJob"/>
    <property name="sun.os.patch.level" value="unknown"/>
    <property name="java.library.path" value="/Users/vikacherepiuk/Library/Java/Extensions:/Library/Java/Extensions:/Network/Library/Java/Extensions:/System/Library/Java/Extensions:/usr/lib/java:."/>
    <property name="java.vm.info" value="mixed mode"/>
    <property name="java.vendor" value="Amazon.com Inc."/>
    <property name="java.vm.version" value="11.0.12+7-LTS"/>
    <property name="sun.io.unicode.encoding" value="UnicodeBig"/>
    <property name="java.class.version" value="55.0"/>
  </properties>
  <testcase name="Given User is on Fetch Rewards Game page" classname="Scenario: As a user, I want to be able to find the correct fake gold bar" time="0.003"/>
  <testcase name="When user inserts the following numbers in the left bowl" classname="Scenario: As a user, I want to be able to find the correct fake gold bar" time="0.001"/>
  <testcase name="And user inserts the following numbers in the right bowl" classname="Scenario: As a user, I want to be able to find the correct fake gold bar" time="0"/>
  <testcase name="And user clicks on &quot;Weigh&quot; button" classname="Scenario: As a user, I want to be able to find the correct fake gold bar" time="0"/>
  <testcase name="And user clicks on &quot;Weigh&quot; button" classname="Scenario: As a user, I want to be able to find the correct fake gold bar" time="0"/>
  <testcase name="And user clicks on &quot;Weigh&quot; button" classname="Scenario: As a user, I want to be able to find the correct fake gold bar" time="0.001"/>
  <testcase name="And user verifies the weighing list" classname="Scenario: As a user, I want to be able to find the correct fake gold bar" time="0"/>
  <testcase name="And user clicks on &quot;Reset&quot; button" classname="Scenario: As a user, I want to be able to find the correct fake gold bar" time="0.001"/>
  <testcase name="And user clicks on &quot;Reset&quot; button" classname="Scenario: As a user, I want to be able to find the correct fake gold bar" time="0"/>
  <testcase name="Then user inserts 2 numbers in the left bowl" classname="Scenario: As a user, I want to be able to find the correct fake gold bar" time="0"/>
  <testcase name="And user inserts 2 numbers in the right bowl" classname="Scenario: As a user, I want to be able to find the correct fake gold bar" time="0"/>
  <testcase name="And user verifies the weighing list second time" classname="Scenario: As a user, I want to be able to find the correct fake gold bar" time="0"/>
  <testcase name="Then user inserts 1 number in the left bowl" classname="Scenario: As a user, I want to be able to find the correct fake gold bar" time="0"/>
  <testcase name="And user inserts 1 number in the right bowl" classname="Scenario: As a user, I want to be able to find the correct fake gold bar" time="0"/>
  <testcase name="And user verifies the weighing list third time" classname="Scenario: As a user, I want to be able to find the correct fake gold bar" time="0"/>
  <testcase name="Then user clicks on fake gold bar and verifies pop-up message &quot;Yay! You find it!&quot;" classname="Scenario: As a user, I want to be able to find the correct fake gold bar" time="0"/>
  <testcase name="And user gets list of Weighings and outputs it" classname="Scenario: As a user, I want to be able to find the correct fake gold bar" time="0"/>
  <testcase name="Scenario: As a user, I want to be able to find the correct fake gold bar" classname="Scenario: As a user, I want to be able to find the correct fake gold bar" time="0"/>
  <testcase name="Given User is on Fetch Rewards Game page" classname="Scenario: As a user, I want to be able to get error message when choosing wrong fake gold bar" time="0"/>
  <testcase name="When user clicks on random fake gold bar and verifies error pop-up message &quot;Oops! Try Again!&quot;" classname="Scenario: As a user, I want to be able to get error message when choosing wrong fake gold bar" time="0"/>
  <testcase name="And user gets list of Weighings and outputs it" classname="Scenario: As a user, I want to be able to get error message when choosing wrong fake gold bar" time="0.001"/>
  <testcase name="Scenario: As a user, I want to be able to get error message when choosing wrong fake gold bar" classname="Scenario: As a user, I want to be able to get error message when choosing wrong fake gold bar" time="0.001"/>
</testsuite>